{
    "title": "DeluxeMenus菜单点击事件的问题",
    "author": "MXZGHaoting",
    "replyCount": 1,
    "timestamp": 1494142020,
    "txt_content": "我试了DeluxeMenus菜单的1.5.0到最新版都报错 [还有刚才编辑好了但是手滑点了 保存草稿 结果不能改成发布还被扣了30金粒...]\n\n报错信息\n\nCould not pass event InventoryClickEvent to DeluxeMenus v1.5.1\norg.bukkit.event.EventException\n        at org.bukkit.plugin.java.JavaPluginLoader$1.execute(JavaPluginLoader.java:310) ~[PaperSpigot-1.8.8-R0.1-SNAPSHOT-latest.jar:git-PaperSpigot-5be55c3-18fbb24]\n        at org.bukkit.plugin.RegisteredListener.callEvent(RegisteredListener.java:62) ~[PaperSpigot-1.8.8-R0.1-SNAPSHOT-latest.jar:git-PaperSpigot-5be55c3-18fbb24]\n        at org.bukkit.plugin.SimplePluginManager.fireEvent(SimplePluginManager.java:502) [PaperSpigot-1.8.8-R0.1-SNAPSHOT-latest.jar:git-PaperSpigot-5be55c3-18fbb24]\n        at org.bukkit.plugin.SimplePluginManager.callEvent(SimplePluginManager.java:487) [PaperSpigot-1.8.8-R0.1-SNAPSHOT-latest.jar:git-PaperSpigot-5be55c3-18fbb24]\n        at net.minecraft.server.v1_8_R3.PlayerConnection.a(PlayerConnection.java:1633) [PaperSpigot-1.8.8-R0.1-SNAPSHOT-latest.jar:git-PaperSpigot-5be55c3-18fbb24]\n        at net.minecraft.server.v1_8_R3.PacketPlayInWindowClick.a(SourceFile:31) [PaperSpigot-1.8.8-R0.1-SNAPSHOT-latest.jar:git-PaperSpigot-5be55c3-18fbb24]\n        at net.minecraft.server.v1_8_R3.PacketPlayInWindowClick.a(SourceFile:9) [PaperSpigot-1.8.8-R0.1-SNAPSHOT-latest.jar:git-PaperSpigot-5be55c3-18fbb24]\n        at net.minecraft.server.v1_8_R3.PlayerConnectionUtils$1.run(SourceFile:13) [PaperSpigot-1.8.8-R0.1-SNAPSHOT-latest.jar:git-PaperSpigot-5be55c3-18fbb24]\n        at java.util.concurrent.Executors$RunnableAdapter.call(Unknown Source) [?:1.8.0_51]\n        at java.util.concurrent.FutureTask.run(Unknown Source) [?:1.8.0_51]\n        at net.minecraft.server.v1_8_R3.SystemUtils.a(SourceFile:44) [PaperSpigot-1.8.8-R0.1-SNAPSHOT-latest.jar:git-PaperSpigot-5be55c3-18fbb24]\n        at net.minecraft.server.v1_8_R3.MinecraftServer.B(MinecraftServer.java:772) [PaperSpigot-1.8.8-R0.1-SNAPSHOT-latest.jar:git-PaperSpigot-5be55c3-18fbb24]\n        at net.minecraft.server.v1_8_R3.DedicatedServer.B(DedicatedServer.java:378) [PaperSpigot-1.8.8-R0.1-SNAPSHOT-latest.jar:git-PaperSpigot-5be55c3-18fbb24]\n        at net.minecraft.server.v1_8_R3.MinecraftServer.A(MinecraftServer.java:711) [PaperSpigot-1.8.8-R0.1-SNAPSHOT-latest.jar:git-PaperSpigot-5be55c3-18fbb24]\n        at net.minecraft.server.v1_8_R3.MinecraftServer.run(MinecraftServer.java:614) [PaperSpigot-1.8.8-R0.1-SNAPSHOT-latest.jar:git-PaperSpigot-5be55c3-18fbb24]\n        at java.lang.Thread.run(Unknown Source) [?:1.8.0_51]\nCaused by: java.lang.AssertionError: Failed generating bytecode for <eval>:1\n        at jdk.nashorn.internal.codegen.CompilationPhase$13.transform(CompilationPhase.java:486) ~[nashorn.jar:?]\n        at jdk.nashorn.internal.codegen.CompilationPhase.apply(CompilationPhase.java:728) ~[nashorn.jar:?]\n        at jdk.nashorn.internal.codegen.Compiler.compile(Compiler.java:620) ~[nashorn.jar:?]\n        at jdk.nashorn.internal.runtime.Context.compile(Context.java:1242) ~[nashorn.jar:?]\n        at jdk.nashorn.internal.runtime.Context.compileScript(Context.java:1179) ~[nashorn.jar:?]\n        at jdk.nashorn.internal.runtime.Context.compileScript(Context.java:594) ~[nashorn.jar:?]\n        at jdk.nashorn.api.scripting.NashornScriptEngine.compileImpl(NashornScriptEngine.java:520) ~[nashorn.jar:?]\n        at jdk.nashorn.api.scripting.NashornScriptEngine.compileImpl(NashornScriptEngine.java:509) ~[nashorn.jar:?]\n        at jdk.nashorn.api.scripting.NashornScriptEngine.evalImpl(NashornScriptEngine.java:397) ~[nashorn.jar:?]\n        at jdk.nashorn.api.scripting.NashornScriptEngine.eval(NashornScriptEngine.java:152) ~[nashorn.jar:?]\n        at javax.script.AbstractScriptEngine.eval(Unknown Source) ~[?:1.8.0_51]\n        at me.clip.deluxemenus.guimenu.Requirement.evaluate(Requirement.java:52) ~[?:?]\n        at me.clip.deluxemenus.PlayerListener.onClick(PlayerListener.java:119) ~[?:?]\n        at sun.reflect.NativeMethodAccessorImpl.invoke0(Native Method) ~[?:1.8.0_51]\n        at sun.reflect.NativeMethodAccessorImpl.invoke(Unknown Source) ~[?:1.8.0_51]\n        at sun.reflect.DelegatingMethodAccessorImpl.invoke(Unknown Source) ~[?:1.8.0_51]\n        at java.lang.reflect.Method.invoke(Unknown Source) ~[?:1.8.0_51]\n        at org.bukkit.plugin.java.JavaPluginLoader$1.execute(JavaPluginLoader.java:306) ~[PaperSpigot-1.8.8-R0.1-SNAPSHOT-latest.jar:git-PaperSpigot-5be55c3-18fbb24]\n        ... 15 more\nCaused by: java.lang.AssertionError: jdk.nashorn.internal.ir.BinaryNode\n        at jdk.nashorn.internal.codegen.CodeGenerator$1.enterDefault(CodeGenerator.java:1084) ~[nashorn.jar:?]\n        at jdk.nashorn.internal.ir.visitor.NodeOperatorVisitor.enterBIND(NodeOperatorVisitor.java:744) ~[nashorn.jar:?]\n        at jdk.nashorn.internal.ir.visitor.NodeOperatorVisitor.enterBinaryNode(NodeOperatorVisitor.java:137) ~[nashorn.jar:?]\n        at jdk.nashorn.internal.ir.BinaryNode.accept(BinaryNode.java:343) ~[nashorn.jar:?]\n        at jdk.nashorn.internal.codegen.CodeGenerator.loadExpression(CodeGenerator.java:728) ~[nashorn.jar:?]\n        at jdk.nashorn.internal.codegen.CodeGenerator.loadExpression(CodeGenerator.java:704) ~[nashorn.jar:?]\n        at jdk.nashorn.internal.codegen.CodeGenerator.loadExpressionAsType(CodeGenerator.java:700) ~[nashorn.jar:?]\n        at jdk.nashorn.internal.codegen.CodeGenerator$15.evaluate(CodeGenerator.java:3687) ~[nashorn.jar:?]\n        at jdk.nashorn.internal.codegen.CodeGenerator$Store.store(CodeGenerator.java:4310) ~[nashorn.jar:?]\n        at jdk.nashorn.internal.codegen.CodeGenerator.loadASSIGN(CodeGenerator.java:3689) ~[nashorn.jar:?]\n        at jdk.nashorn.internal.codegen.CodeGenerator.access$700(CodeGenerator.java:183) ~[nashorn.jar:?]\n        at jdk.nashorn.internal.codegen.CodeGenerator$1.enterASSIGN(CodeGenerator.java:789) ~[nashorn.jar:?]\n        at jdk.nashorn.internal.ir.visitor.NodeOperatorVisitor.enterBinaryNode(NodeOperatorVisitor.java:113) ~[nashorn.jar:?]\n        at jdk.nashorn.internal.ir.BinaryNode.accept(BinaryNode.java:343) ~[nashorn.jar:?]\n        at jdk.nashorn.internal.codegen.CodeGenerator.loadExpression(CodeGenerator.java:728) ~[nashorn.jar:?]\n        at jdk.nashorn.internal.codegen.CodeGenerator.loadExpression(CodeGenerator.java:704) ~[nashorn.jar:?]\n        at jdk.nashorn.internal.codegen.CodeGenerator.loadAndDiscard(CodeGenerator.java:3516) ~[nashorn.jar:?]\n        at jdk.nashorn.internal.codegen.CodeGenerator.enterExpressionStatement(CodeGenerator.java:1576) ~[nashorn.jar:?]\n        at jdk.nashorn.internal.ir.ExpressionStatement.accept(ExpressionStatement.java:63) ~[nashorn.jar:?]\n        at jdk.nashorn.internal.ir.Node.accept(Node.java:261) ~[nashorn.jar:?]\n        at jdk.nashorn.internal.ir.Block.accept(Block.java:154) ~[nashorn.jar:?]\n        at jdk.nashorn.internal.ir.LexicalContextNode$Acceptor.accept(LexicalContextNode.java:57) ~[nashorn.jar:?]\n        at jdk.nashorn.internal.ir.Block.accept(Block.java:401) ~[nashorn.jar:?]\n        at jdk.nashorn.internal.ir.FunctionNode.accept(FunctionNode.java:375) ~[nashorn.jar:?]\n        at jdk.nashorn.internal.ir.LexicalContextNode$Acceptor.accept(LexicalContextNode.java:57) ~[nashorn.jar:?]\n        at jdk.nashorn.internal.ir.LexicalContextExpression.accept(LexicalContextExpression.java:47) ~[nashorn.jar:?]\n        at jdk.nashorn.internal.ir.FunctionNode.accept(FunctionNode.java:58) ~[nashorn.jar:?]\n        at jdk.nashorn.internal.codegen.CompilationPhase.transformFunction(CompilationPhase.java:732) ~[nashorn.jar:?]\n        at jdk.nashorn.internal.codegen.CompilationPhase.access$100(CompilationPhase.java:69) ~[nashorn.jar:?]\n        at jdk.nashorn.internal.codegen.CompilationPhase$13.transform(CompilationPhase.java:473) ~[nashorn.jar:?]\n        at jdk.nashorn.internal.codegen.CompilationPhase.apply(CompilationPhase.java:728) ~[nashorn.jar:?]\n        at jdk.nashorn.internal.codegen.Compiler.compile(Compiler.java:620) ~[nashorn.jar:?]\n        at jdk.nashorn.internal.runtime.Context.compile(Context.java:1242) ~[nashorn.jar:?]\n        at jdk.nashorn.internal.runtime.Context.compileScript(Context.java:1179) ~[nashorn.jar:?]\n        at jdk.nashorn.internal.runtime.Context.compileScript(Context.java:594) ~[nashorn.jar:?]\n        at jdk.nashorn.api.scripting.NashornScriptEngine.compileImpl(NashornScriptEngine.java:520) ~[nashorn.jar:?]\n        at jdk.nashorn.api.scripting.NashornScriptEngine.compileImpl(NashornScriptEngine.java:509) ~[nashorn.jar:?]\n        at jdk.nashorn.api.scripting.NashornScriptEngine.evalImpl(NashornScriptEngine.java:397) ~[nashorn.jar:?]\n        at jdk.nashorn.api.scripting.NashornScriptEngine.eval(NashornScriptEngine.java:152) ~[nashorn.jar:?]\n        at javax.script.AbstractScriptEngine.eval(Unknown Source) ~[?:1.8.0_51]\n        at me.clip.deluxemenus.guimenu.Requirement.evaluate(Requirement.java:52) ~[?:?]\n        at me.clip.deluxemenus.PlayerListener.onClick(PlayerListener.java:119) ~[?:?]\n        at sun.reflect.NativeMethodAccessorImpl.invoke0(Native Method) ~[?:1.8.0_51]\n        at sun.reflect.NativeMethodAccessorImpl.invoke(Unknown Source) ~[?:1.8.0_51]\n        at sun.reflect.DelegatingMethodAccessorImpl.invoke(Unknown Source) ~[?:1.8.0_51]\n        at java.lang.reflect.Method.invoke(Unknown Source) ~[?:1.8.0_51]\n        at org.bukkit.plugin.java.JavaPluginLoader$1.execute(JavaPluginLoader.java:306) ~[PaperSpigot-1.8.8-R0.1-SNAPSHOT-latest.jar:git-PaperSpigot-5be55c3-18fbb24]\n        ... 15 more\n\n\n\n\n\n\n\n证明变量是可以用的001.png\n(11.77 KB, 下载次数: 0)\n\n\n\n\n下载附件\n\n\n2017-5-7 15:23 上传\n\n\n\n\n\n\n\n\n证明变量是可以用的001\n\n\n\n\n\n\n\n\n\n\n\n证明变量是可以用的002.png\n(6 KB, 下载次数: 0)\n\n\n\n\n下载附件\n\n\n2017-5-7 15:05 上传\n\n\n\n\n\n\n\n\n证明变量是可以用的002\n\n\n\n\n\n\n\n\n\n\n\n证明变量是正确的001.png\n(10.97 KB, 下载次数: 0)\n\n\n\n\n下载附件\n\n\n2017-5-7 15:23 上传\n\n\n\n\n\n\n\n\n证明变量是正确的\n\n\n\n\n\n\n\n\n\n\n\n点击需求.png\n(8.87 KB, 下载次数: 0)\n\n\n\n\n下载附件\n\n\n2017-5-7 15:24 上传\n\n\n\n\n\n\n\n\n点击需求\n\n\n\n\n\n\n",
    "replies": [
        {
            "author": "浅念哥",
            "timestamp": 1494142020,
            "txt_content": "expression后面应该放JS代码。\n但是，\"=>\"，这看起来是一个ES6语法，这不是需要的。\n你也许是想要\"%playerpoints_points% >= 1\"，请区别>=(大于等于)和ES6语法。"
        }
    ]
}